Traceback (most recent call last):
  File "e:\dev\wpcc\venv\lib\site-packages\jupyter_cache\executors\utils.py", line 51, in single_nb_execution
    executenb(
  File "e:\dev\wpcc\venv\lib\site-packages\nbclient\client.py", line 1112, in execute
    return NotebookClient(nb=nb, resources=resources, km=km, **kwargs).execute()
  File "e:\dev\wpcc\venv\lib\site-packages\nbclient\util.py", line 74, in wrapped
    return just_run(coro(*args, **kwargs))
  File "e:\dev\wpcc\venv\lib\site-packages\nbclient\util.py", line 53, in just_run
    return loop.run_until_complete(coro)
  File "c:\Python39-64\lib\asyncio\base_events.py", line 642, in run_until_complete
    return future.result()
  File "e:\dev\wpcc\venv\lib\site-packages\nbclient\client.py", line 553, in async_execute
    await self.async_execute_cell(
  File "e:\dev\wpcc\venv\lib\site-packages\nbclient\client.py", line 857, in async_execute_cell
    self._check_raise_for_error(cell, exec_reply)
  File "e:\dev\wpcc\venv\lib\site-packages\nbclient\client.py", line 760, in _check_raise_for_error
    raise CellExecutionError.from_cell_and_msg(cell, exec_reply_content)
nbclient.exceptions.CellExecutionError: An error occurred while executing the following cell:
------------------
coeff_matrix = sp.matrices.MutableDenseMatrix([A_coeff*X_X,B_coeff*X_Y,C_coeff*X_N])
eq_regression = sp.Eq(acceleration, coeff_matrix)
Math(vlatex(eq_regression))
------------------

[1;31m---------------------------------------------------------------------------[0m
[1;31mShapeError[0m                                Traceback (most recent call last)
[1;32m<ipython-input-3-041792a66e57>[0m in [0;36m<module>[1;34m[0m
[1;32m----> 1[1;33m [0mcoeff_matrix[0m [1;33m=[0m [0msp[0m[1;33m.[0m[0mmatrices[0m[1;33m.[0m[0mMutableDenseMatrix[0m[1;33m([0m[1;33m[[0m[0mA_coeff[0m[1;33m*[0m[0mX_X[0m[1;33m,[0m[0mB_coeff[0m[1;33m*[0m[0mX_Y[0m[1;33m,[0m[0mC_coeff[0m[1;33m*[0m[0mX_N[0m[1;33m][0m[1;33m)[0m[1;33m[0m[1;33m[0m[0m
[0m[0;32m      2[0m [0meq_regression[0m [1;33m=[0m [0msp[0m[1;33m.[0m[0mEq[0m[1;33m([0m[0macceleration[0m[1;33m,[0m [0mcoeff_matrix[0m[1;33m)[0m[1;33m[0m[1;33m[0m[0m
[0;32m      3[0m [0mMath[0m[1;33m([0m[0mvlatex[0m[1;33m([0m[0meq_regression[0m[1;33m)[0m[1;33m)[0m[1;33m[0m[1;33m[0m[0m

[1;32me:\dev\wpcc\venv\lib\site-packages\sympy\matrices\expressions\matexpr.py[0m in [0;36m__sympifyit_wrapper[1;34m(a, b)[0m
[0;32m     27[0m             [1;32mtry[0m[1;33m:[0m[1;33m[0m[1;33m[0m[0m
[0;32m     28[0m                 [0mb[0m [1;33m=[0m [0m_sympify[0m[1;33m([0m[0mb[0m[1;33m)[0m[1;33m[0m[1;33m[0m[0m
[1;32m---> 29[1;33m                 [1;32mreturn[0m [0mfunc[0m[1;33m([0m[0ma[0m[1;33m,[0m [0mb[0m[1;33m)[0m[1;33m[0m[1;33m[0m[0m
[0m[0;32m     30[0m             [1;32mexcept[0m [0mSympifyError[0m[1;33m:[0m[1;33m[0m[1;33m[0m[0m
[0;32m     31[0m                 [1;32mreturn[0m [0mretval[0m[1;33m[0m[1;33m[0m[0m

[1;32me:\dev\wpcc\venv\lib\site-packages\sympy\core\decorators.py[0m in [0;36mbinary_op_wrapper[1;34m(self, other)[0m
[0;32m    134[0m                     [1;32mif[0m [0mf[0m [1;32mis[0m [1;32mnot[0m [1;32mNone[0m[1;33m:[0m[1;33m[0m[1;33m[0m[0m
[0;32m    135[0m                         [1;32mreturn[0m [0mf[0m[1;33m([0m[0mself[0m[1;33m)[0m[1;33m[0m[1;33m[0m[0m
[1;32m--> 136[1;33m             [1;32mreturn[0m [0mfunc[0m[1;33m([0m[0mself[0m[1;33m,[0m [0mother[0m[1;33m)[0m[1;33m[0m[1;33m[0m[0m
[0m[0;32m    137[0m         [1;32mreturn[0m [0mbinary_op_wrapper[0m[1;33m[0m[1;33m[0m[0m
[0;32m    138[0m     [1;32mreturn[0m [0mpriority_decorator[0m[1;33m[0m[1;33m[0m[0m

[1;32me:\dev\wpcc\venv\lib\site-packages\sympy\matrices\expressions\matexpr.py[0m in [0;36m__mul__[1;34m(self, other)[0m
[0;32m    126[0m     [1;33m@[0m[0mcall_highest_priority[0m[1;33m([0m[1;34m'__rmul__'[0m[1;33m)[0m[1;33m[0m[1;33m[0m[0m
[0;32m    127[0m     [1;32mdef[0m [0m__mul__[0m[1;33m([0m[0mself[0m[1;33m,[0m [0mother[0m[1;33m)[0m[1;33m:[0m[1;33m[0m[1;33m[0m[0m
[1;32m--> 128[1;33m         [1;32mreturn[0m [0mMatMul[0m[1;33m([0m[0mself[0m[1;33m,[0m [0mother[0m[1;33m)[0m[1;33m.[0m[0mdoit[0m[1;33m([0m[1;33m)[0m[1;33m[0m[1;33m[0m[0m
[0m[0;32m    129[0m [1;33m[0m[0m
[0;32m    130[0m     [1;33m@[0m[0m_sympifyit[0m[1;33m([0m[1;34m'other'[0m[1;33m,[0m [0mNotImplemented[0m[1;33m)[0m[1;33m[0m[1;33m[0m[0m

[1;32me:\dev\wpcc\venv\lib\site-packages\sympy\matrices\expressions\matmul.py[0m in [0;36m__new__[1;34m(cls, evaluate, check, _sympify, *args)[0m
[0;32m     48[0m [1;33m[0m[0m
[0;32m     49[0m         [1;32mif[0m [0mcheck[0m[1;33m:[0m[1;33m[0m[1;33m[0m[0m
[1;32m---> 50[1;33m             [0mvalidate[0m[1;33m([0m[1;33m*[0m[0mmatrices[0m[1;33m)[0m[1;33m[0m[1;33m[0m[0m
[0m[0;32m     51[0m [1;33m[0m[0m
[0;32m     52[0m         [1;32mif[0m [1;32mnot[0m [0mmatrices[0m[1;33m:[0m[1;33m[0m[1;33m[0m[0m

[1;32me:\dev\wpcc\venv\lib\site-packages\sympy\matrices\expressions\matmul.py[0m in [0;36mvalidate[1;34m(*matrices)[0m
[0;32m    216[0m         [0mA[0m[1;33m,[0m [0mB[0m [1;33m=[0m [0mmatrices[0m[1;33m[[0m[0mi[0m[1;33m:[0m[0mi[0m[1;33m+[0m[1;36m2[0m[1;33m][0m[1;33m[0m[1;33m[0m[0m
[0;32m    217[0m         [1;32mif[0m [0mA[0m[1;33m.[0m[0mcols[0m [1;33m!=[0m [0mB[0m[1;33m.[0m[0mrows[0m[1;33m:[0m[1;33m[0m[1;33m[0m[0m
[1;32m--> 218[1;33m             [1;32mraise[0m [0mShapeError[0m[1;33m([0m[1;34m"Matrices %s and %s are not aligned"[0m[1;33m%[0m[1;33m([0m[0mA[0m[1;33m,[0m [0mB[0m[1;33m)[0m[1;33m)[0m[1;33m[0m[1;33m[0m[0m
[0m[0;32m    219[0m [1;33m[0m[0m
[0;32m    220[0m [1;31m# Rules[0m[1;33m[0m[1;33m[0m[1;33m[0m[0m

[1;31mShapeError[0m: Matrices A_coeff and X_X are not aligned
ShapeError: Matrices A_coeff and X_X are not aligned

